<?xml version="1.0" encoding="UTF-8"?>
<robot generator="Robot 7.0.1 (Python 3.13.3 on win32)" generated="2025-09-26T21:22:47.348202" rpa="false" schemaversion="5">
<suite id="s1" name="User Create" source="C:\Parabank_web_teste\parabank\tests\user_create.robot">
<test id="s1-t1" name="CT01 - Criar Usuário" line="9">
<kw name="Abrir navegador" owner="resources_parabank" type="SETUP">
<kw name="Open Browser" owner="SeleniumLibrary">
<msg time="2025-09-26T21:22:47.715987" level="INFO">Opening browser 'chrome' to base url 'None'.</msg>
<arg>browser=chrome</arg>
<doc>Opens a new browser instance to the optional ``url``.</doc>
<status status="PASS" start="2025-09-26T21:22:47.715854" elapsed="1.332643"/>
</kw>
<kw name="Maximize Browser Window" owner="SeleniumLibrary">
<doc>Maximizes current browser window.</doc>
<status status="PASS" start="2025-09-26T21:22:49.048722" elapsed="0.031443"/>
</kw>
<status status="PASS" start="2025-09-26T21:22:47.715228" elapsed="1.365086"/>
</kw>
<kw name="Abrir o site ParaBank" owner="resources_parabank">
<kw name="Go To" owner="SeleniumLibrary">
<msg time="2025-09-26T21:22:49.081324" level="INFO">Opening url 'https://parabank.parasoft.com'</msg>
<arg>url=${URL}</arg>
<doc>Navigates the current browser window to the provided ``url``.</doc>
<status status="PASS" start="2025-09-26T21:22:49.081200" elapsed="1.322498"/>
</kw>
<status status="PASS" start="2025-09-26T21:22:49.080904" elapsed="1.322937"/>
</kw>
<kw name="Validar titulo da pagina" owner="resources_parabank">
<kw name="Title Should Be" owner="SeleniumLibrary">
<msg time="2025-09-26T21:22:50.414600" level="INFO">Page title is 'ParaBank | Welcome | Online Banking'.</msg>
<arg>ParaBank | Welcome | Online Banking</arg>
<doc>Verifies that the current page title equals ``title``.</doc>
<status status="PASS" start="2025-09-26T21:22:50.404492" elapsed="0.010175"/>
</kw>
<status status="PASS" start="2025-09-26T21:22:50.404271" elapsed="0.010467"/>
</kw>
<kw name="Preencher formulário com dados válidos." owner="resources_parabank">
<kw name="User Name" owner="FakerLibrary">
<msg time="2025-09-26T21:22:50.415560" level="INFO">${username} = uthomas</msg>
<var>${username}</var>
<status status="PASS" start="2025-09-26T21:22:50.415262" elapsed="0.000322"/>
</kw>
<kw name="Click Element" owner="SeleniumLibrary">
<msg time="2025-09-26T21:22:50.415883" level="INFO">Clicking element 'css=a[href="register.htm"]'.</msg>
<arg>css=a[href="register.htm"]</arg>
<doc>Click the element identified by ``locator``.</doc>
<status status="PASS" start="2025-09-26T21:22:50.415670" elapsed="0.338378"/>
</kw>
<kw name="Input Text" owner="SeleniumLibrary">
<msg time="2025-09-26T21:22:50.754763" level="INFO">Typing text 'Marcos' into text field 'css=input[id="customer.firstName"]'.</msg>
<arg>css=input[id="customer.firstName"]</arg>
<arg>${FirstName}</arg>
<doc>Types the given ``text`` into the text field identified by ``locator``.</doc>
<status status="PASS" start="2025-09-26T21:22:50.754349" elapsed="0.073456"/>
</kw>
<kw name="Input Text" owner="SeleniumLibrary">
<msg time="2025-09-26T21:22:50.828116" level="INFO">Typing text 'Antonio' into text field 'css=input[id="customer.lastName"]'.</msg>
<arg>css=input[id="customer.lastName"]</arg>
<arg>${LastName}</arg>
<doc>Types the given ``text`` into the text field identified by ``locator``.</doc>
<status status="PASS" start="2025-09-26T21:22:50.827945" elapsed="0.045235"/>
</kw>
<kw name="Input Text" owner="SeleniumLibrary">
<msg time="2025-09-26T21:22:50.873476" level="INFO">Typing text 'Castelão' into text field 'css=input[id="customer.address.street"]'.</msg>
<arg>css=input[id="customer.address.street"]</arg>
<arg>${Address}</arg>
<doc>Types the given ``text`` into the text field identified by ``locator``.</doc>
<status status="PASS" start="2025-09-26T21:22:50.873315" elapsed="0.043793"/>
</kw>
<kw name="Input Text" owner="SeleniumLibrary">
<msg time="2025-09-26T21:22:50.917505" level="INFO">Typing text 'Fortaleza' into text field 'css=input[id="customer.address.city"]'.</msg>
<arg>css=input[id="customer.address.city"]</arg>
<arg>${City}</arg>
<doc>Types the given ``text`` into the text field identified by ``locator``.</doc>
<status status="PASS" start="2025-09-26T21:22:50.917299" elapsed="0.050611"/>
</kw>
<kw name="Input Text" owner="SeleniumLibrary">
<msg time="2025-09-26T21:22:50.968270" level="INFO">Typing text 'Ceará' into text field 'css=input[id="customer.address.state"]'.</msg>
<arg>css=input[id="customer.address.state"]</arg>
<arg>${State}</arg>
<doc>Types the given ``text`` into the text field identified by ``locator``.</doc>
<status status="PASS" start="2025-09-26T21:22:50.968050" elapsed="0.045973"/>
</kw>
<kw name="Input Text" owner="SeleniumLibrary">
<msg time="2025-09-26T21:22:51.014332" level="INFO">Typing text '60520560000' into text field 'css=input[id="customer.address.zipCode"]'.</msg>
<arg>css=input[id="customer.address.zipCode"]</arg>
<arg>${ZipCode}</arg>
<doc>Types the given ``text`` into the text field identified by ``locator``.</doc>
<status status="PASS" start="2025-09-26T21:22:51.014164" elapsed="0.049592"/>
</kw>
<kw name="Input Text" owner="SeleniumLibrary">
<msg time="2025-09-26T21:22:51.064062" level="INFO">Typing text '85988997766' into text field 'css=input[id="customer.phoneNumber"]'.</msg>
<arg>css=input[id="customer.phoneNumber"]</arg>
<arg>${Phone}</arg>
<doc>Types the given ``text`` into the text field identified by ``locator``.</doc>
<status status="PASS" start="2025-09-26T21:22:51.063897" elapsed="0.042576"/>
</kw>
<kw name="Input Text" owner="SeleniumLibrary">
<msg time="2025-09-26T21:22:51.106767" level="INFO">Typing text '2342424242' into text field 'css=input[id="customer.ssn"]'.</msg>
<arg>css=input[id="customer.ssn"]</arg>
<arg>${SNN}</arg>
<doc>Types the given ``text`` into the text field identified by ``locator``.</doc>
<status status="PASS" start="2025-09-26T21:22:51.106608" elapsed="0.047586"/>
</kw>
<kw name="Input Text" owner="SeleniumLibrary">
<msg time="2025-09-26T21:22:51.154512" level="INFO">Typing text 'uthomas' into text field 'css=input[id="customer.username"]'.</msg>
<arg>css=input[id="customer.username"]</arg>
<arg>${username}</arg>
<doc>Types the given ``text`` into the text field identified by ``locator``.</doc>
<status status="PASS" start="2025-09-26T21:22:51.154346" elapsed="0.040541"/>
</kw>
<kw name="Input Text" owner="SeleniumLibrary">
<msg time="2025-09-26T21:22:51.195217" level="INFO">Typing text '1234@test' into text field 'css=input[id="customer.password"]'.</msg>
<arg>css=input[id="customer.password"]</arg>
<arg>${PassWord}</arg>
<doc>Types the given ``text`` into the text field identified by ``locator``.</doc>
<status status="PASS" start="2025-09-26T21:22:51.195050" elapsed="0.037837"/>
</kw>
<kw name="Input Text" owner="SeleniumLibrary">
<msg time="2025-09-26T21:22:51.233179" level="INFO">Typing text '1234@test' into text field 'css=input[id="repeatedPassword"]'.</msg>
<arg>css=input[id="repeatedPassword"]</arg>
<arg>${Confirm}</arg>
<doc>Types the given ``text`` into the text field identified by ``locator``.</doc>
<status status="PASS" start="2025-09-26T21:22:51.233017" elapsed="0.037533"/>
</kw>
<status status="PASS" start="2025-09-26T21:22:50.415033" elapsed="0.855601"/>
</kw>
<kw name="Enviar formulário." owner="resources_parabank">
<kw name="Wait Until Element Is Visible" owner="SeleniumLibrary">
<arg>css=input[value="Register"]</arg>
<arg>10s</arg>
<doc>Waits until the element ``locator`` is visible.</doc>
<status status="PASS" start="2025-09-26T21:22:51.271156" elapsed="0.011442"/>
</kw>
<kw name="Click Element" owner="SeleniumLibrary">
<msg time="2025-09-26T21:22:51.282856" level="INFO">Clicking element 'css=input[value="Register"]'.</msg>
<arg>css=input[value="Register"]</arg>
<doc>Click the element identified by ``locator``.</doc>
<status status="PASS" start="2025-09-26T21:22:51.282733" elapsed="0.300962"/>
</kw>
<kw name="Page Should Contain" owner="SeleniumLibrary">
<msg time="2025-09-26T21:22:51.677699" level="INFO">Current page contains text 'Welcome'.</msg>
<arg>Welcome</arg>
<doc>Verifies that current page contains ``text``.</doc>
<status status="PASS" start="2025-09-26T21:22:51.583891" elapsed="0.094101"/>
</kw>
<status status="PASS" start="2025-09-26T21:22:51.270985" elapsed="0.407136"/>
</kw>
<kw name="Resultado Esperado: Usuário cadastrado com sucesso." owner="resources_parabank">
<kw name="Page Should Contain" owner="SeleniumLibrary">
<msg time="2025-09-26T21:22:51.686372" level="INFO">Current page contains text 'Your account was created successfully. You are now logged in.'.</msg>
<arg>Your account was created successfully. You are now logged in.</arg>
<doc>Verifies that current page contains ``text``.</doc>
<status status="PASS" start="2025-09-26T21:22:51.678682" elapsed="0.007747"/>
</kw>
<status status="PASS" start="2025-09-26T21:22:51.678498" elapsed="0.007990"/>
</kw>
<kw name="Fechar navegador" owner="resources_parabank" type="TEARDOWN">
<kw name="Close Browser" owner="SeleniumLibrary">
<doc>Closes the current browser.</doc>
<status status="PASS" start="2025-09-26T21:22:51.686940" elapsed="2.117181"/>
</kw>
<status status="PASS" start="2025-09-26T21:22:51.686774" elapsed="2.117620"/>
</kw>
<doc>Registrar usuario</doc>
<tag>registrar usuario</tag>
<status status="PASS" start="2025-09-26T21:22:47.714686" elapsed="6.090432"/>
</test>
<status status="PASS" start="2025-09-26T21:22:47.349156" elapsed="6.458528"/>
</suite>
<statistics>
<total>
<stat pass="1" fail="0" skip="0">All Tests</stat>
</total>
<tag>
<stat pass="1" fail="0" skip="0">registrar usuario</stat>
</tag>
<suite>
<stat pass="1" fail="0" skip="0" id="s1" name="User Create">User Create</stat>
</suite>
</statistics>
<errors>
</errors>
</robot>
